[0mCompiling "resources/public/js/main.js" from ["src"]...
Compiling /Users/fdhenard/dev/repos/om-tutorial/src/om_tutorial/core.cljs
Compiling target/figwheel_temp/dev/figwheel/connect.cljs
notifying browser that file changed:  resources/public/js/goog/deps.js
notifying browser that file changed:  resources/public/js/cljs_deps.js
notifying browser that file changed:  out/om_tutorial/core.js
[32mSuccessfully compiled "resources/public/js/main.js" in 0.303 seconds.[0m
[0mCompiling "resources/public/js/main.js" from ["src"]...
Compiling /Users/fdhenard/dev/repos/om-tutorial/src/om_tutorial/core.cljs
Compiling target/figwheel_temp/dev/figwheel/connect.cljs
notifying browser that file changed:  out/om_tutorial/core.js
[32mSuccessfully compiled "resources/public/js/main.js" in 0.209 seconds.[0m
[0mCompiling "resources/public/js/main.js" from ["src"]...
Compiling /Users/fdhenard/dev/repos/om-tutorial/src/om_tutorial/core.cljs
Compiling target/figwheel_temp/dev/figwheel/connect.cljs
notifying browser that file changed:  out/om_tutorial/core.js
[32mSuccessfully compiled "resources/public/js/main.js" in 0.179 seconds.[0m
[0mCompiling "resources/public/js/main.js" from ["src"]...
Compiling /Users/fdhenard/dev/repos/om-tutorial/src/om_tutorial/core.cljs
Compiling target/figwheel_temp/dev/figwheel/connect.cljs
notifying browser that file changed:  out/om_tutorial/core.js
[32mSuccessfully compiled "resources/public/js/main.js" in 0.169 seconds.[0m
[0mCompiling "resources/public/js/main.js" from ["src"]...
Compiling /Users/fdhenard/dev/repos/om-tutorial/src/om_tutorial/core.cljs
Compiling target/figwheel_temp/dev/figwheel/connect.cljs
notifying browser that file changed:  out/om_tutorial/core.js
[32mSuccessfully compiled "resources/public/js/main.js" in 0.174 seconds.[0m
[0mCompiling "resources/public/js/main.js" from ["src"]...
Compiling /Users/fdhenard/dev/repos/om-tutorial/src/om_tutorial/core.cljs
Compiling target/figwheel_temp/dev/figwheel/connect.cljs
notifying browser that file changed:  out/om_tutorial/core.js
[32mSuccessfully compiled "resources/public/js/main.js" in 0.189 seconds.[0m
[0mCompiling "resources/public/js/main.js" from ["src"]...
Compiling /Users/fdhenard/dev/repos/om-tutorial/src/om_tutorial/core.cljs
Compiling target/figwheel_temp/dev/figwheel/connect.cljs
notifying browser that file changed:  out/om_tutorial/core.js
[32mSuccessfully compiled "resources/public/js/main.js" in 0.245 seconds.[0m
[0mCompiling "resources/public/js/main.js" from ["src"]...
Compiling /Users/fdhenard/dev/repos/om-tutorial/src/om_tutorial/core.cljs
Compiling target/figwheel_temp/dev/figwheel/connect.cljs
notifying browser that file changed:  out/om_tutorial/core.js
[32mSuccessfully compiled "resources/public/js/main.js" in 0.193 seconds.[0m
[0mCompiling "resources/public/js/main.js" from ["src"]...
Compiling /Users/fdhenard/dev/repos/om-tutorial/src/om_tutorial/core.cljs
Compiling target/figwheel_temp/dev/figwheel/connect.cljs
notifying browser that file changed:  resources/public/js/goog/deps.js
notifying browser that file changed:  resources/public/js/cljs_deps.js
notifying browser that file changed:  out/om_tutorial/core.js
[32mSuccessfully compiled "resources/public/js/main.js" in 1.085 seconds.[0m
[0mCompiling "resources/public/js/main.js" from ["src"]...
Compiling /Users/fdhenard/dev/repos/om-tutorial/src/om_tutorial/core.cljs
Compiling target/figwheel_temp/dev/figwheel/connect.cljs
notifying browser that file changed:  resources/public/js/goog/deps.js
notifying browser that file changed:  resources/public/js/cljs_deps.js
notifying browser that file changed:  out/om_tutorial/core.js
[32mSuccessfully compiled "resources/public/js/main.js" in 0.437 seconds.[0m
[0mCompiling "resources/public/js/main.js" from ["src"]...
Compiling /Users/fdhenard/dev/repos/om-tutorial/src/om_tutorial/core.cljs
WARNING: read at line 12 is being replaced at line 43 /Users/fdhenard/dev/repos/om-tutorial/src/om_tutorial/core.cljs
Compiling target/figwheel_temp/dev/figwheel/connect.cljs
notifying browser that file changed:  out/om_tutorial/core.js
[32mSuccessfully compiled "resources/public/js/main.js" in 0.399 seconds.[0m
[0mCompiling "resources/public/js/main.js" from ["src"]...
Compiling /Users/fdhenard/dev/repos/om-tutorial/src/om_tutorial/core.cljs
Compiling target/figwheel_temp/dev/figwheel/connect.cljs
notifying browser that file changed:  out/om_tutorial/core.js
[32mSuccessfully compiled "resources/public/js/main.js" in 0.216 seconds.[0m
[0mCompiling "resources/public/js/main.js" from ["src"]...
Compiling src/cledgers/core.cljs
WARNING: Use of undeclared Var om-tutorial.core/AnimalsList at line 48 src/cledgers/core.cljs
Compiling target/figwheel_temp/dev/figwheel/connect.cljs
notifying browser that file changed:  resources/public/js/goog/deps.js
notifying browser that file changed:  resources/public/js/cljs_deps.js
notifying browser that file changed:  out/om_tutorial/core.js
[32mSuccessfully compiled "resources/public/js/main.js" in 0.521 seconds.[0m
[0mCompiling "resources/public/js/main.js" from ["src"]...
Compiling src/cledgers/core.cljs
Compiling target/figwheel_temp/dev/figwheel/connect.cljs
notifying browser that file changed:  out/om_tutorial/core.js
[32mSuccessfully compiled "resources/public/js/main.js" in 0.215 seconds.[0m
[0mCompiling "resources/public/js/main.js" from ["src"]...
Compiling src/cledgers/core.cljs
Compiling target/figwheel_temp/dev/figwheel/connect.cljs
notifying browser that file changed:  out/om_tutorial/core.js
[32mSuccessfully compiled "resources/public/js/main.js" in 0.228 seconds.[0m
[0mCompiling "resources/public/js/main.js" from ["src"]...
Compiling src/cledgers/core.cljs
Compiling target/figwheel_temp/dev/figwheel/connect.cljs
notifying browser that file changed:  out/om_tutorial/core.js
[32mSuccessfully compiled "resources/public/js/main.js" in 0.2 seconds.[0m
[0mCompiling "resources/public/js/main.js" from ["src"]...
Compiling src/cledgers/core.cljs
Compiling target/figwheel_temp/dev/figwheel/connect.cljs
notifying browser that file changed:  out/om_tutorial/core.js
[32mSuccessfully compiled "resources/public/js/main.js" in 0.522 seconds.[0m
[0mCompiling "resources/public/js/main.js" from ["src"]...
Compiling src/cledgers/core.cljs
Compiling target/figwheel_temp/dev/figwheel/connect.cljs
notifying browser that file changed:  out/om_tutorial/core.js
[32mSuccessfully compiled "resources/public/js/main.js" in 0.306 seconds.[0m
[0mCompiling "resources/public/js/main.js" from ["src"]...
Compiling src/cledgers/core.cljs
Compiling target/figwheel_temp/dev/figwheel/connect.cljs
notifying browser that file changed:  out/om_tutorial/core.js
[32mSuccessfully compiled "resources/public/js/main.js" in 0.32 seconds.[0m
[0mCompiling "resources/public/js/main.js" from ["src"]...
Compiling src/cledgers/core.cljs
Compiling target/figwheel_temp/dev/figwheel/connect.cljs
notifying browser that file changed:  out/om_tutorial/core.js
[32mSuccessfully compiled "resources/public/js/main.js" in 0.351 seconds.[0m
[0mCompiling "resources/public/js/main.js" from ["src"]...
Compiling src/cledgers/core.cljs
Compiling target/figwheel_temp/dev/figwheel/connect.cljs
notifying browser that file changed:  out/om_tutorial/core.js
[32mSuccessfully compiled "resources/public/js/main.js" in 0.345 seconds.[0m
[0mCompiling "resources/public/js/main.js" from ["src"]...
Compiling src/cledgers/core.cljs
Compiling target/figwheel_temp/dev/figwheel/connect.cljs
notifying browser that file changed:  out/om_tutorial/core.js
[32mSuccessfully compiled "resources/public/js/main.js" in 0.275 seconds.[0m
[0mCompiling "resources/public/js/main.js" from ["src"]...
Compiling src/cledgers/core.cljs
Compiling target/figwheel_temp/dev/figwheel/connect.cljs
notifying browser that file changed:  out/om_tutorial/core.js
[32mSuccessfully compiled "resources/public/js/main.js" in 0.216 seconds.[0m
[0mCompiling "resources/public/js/main.js" from ["src"]...
Compiling src/cledgers/core.cljs
Compiling target/figwheel_temp/dev/figwheel/connect.cljs
notifying browser that file changed:  out/om_tutorial/core.js
[32mSuccessfully compiled "resources/public/js/main.js" in 0.246 seconds.[0m
[0mCompiling "resources/public/js/main.js" from ["src"]...
Compiling src/cledgers/core.cljs
[31mCompiling "resources/public/js/main.js" failed.
[0mANALYSIS ERROR: Wrong number of args (2) passed to: dom/button at line 47 src/cledgers/core.cljs on file src/cledgers/core.cljs, line 47, column 53
[32mSuccessfully compiled "resources/public/js/main.js" in 0.187 seconds.[0m
[0mCompiling "resources/public/js/main.js" from ["src"]...
Compiling src/cledgers/core.cljs
Compiling target/figwheel_temp/dev/figwheel/connect.cljs
notifying browser that file changed:  out/om_tutorial/core.js
[32mSuccessfully compiled "resources/public/js/main.js" in 0.299 seconds.[0m
[0mCompiling "resources/public/js/main.js" from ["src"]...
Compiling src/cledgers/core.cljs
Compiling target/figwheel_temp/dev/figwheel/connect.cljs
notifying browser that file changed:  out/om_tutorial/core.js
[32mSuccessfully compiled "resources/public/js/main.js" in 0.216 seconds.[0m
[0mCompiling "resources/public/js/main.js" from ["src"]...
Compiling src/cledgers/core.cljs
Compiling target/figwheel_temp/dev/figwheel/connect.cljs
notifying browser that file changed:  out/om_tutorial/core.js
[32mSuccessfully compiled "resources/public/js/main.js" in 0.235 seconds.[0m
[0mCompiling "resources/public/js/main.js" from ["src"]...
Compiling src/cledgers/core.cljs
Compiling target/figwheel_temp/dev/figwheel/connect.cljs
notifying browser that file changed:  out/om_tutorial/core.js
[32mSuccessfully compiled "resources/public/js/main.js" in 0.181 seconds.[0m
